2023-02-17 17:04:47.452  INFO 13540 --- [main] ru.pavlenko.project.SoapApplication      : Starting SoapApplication using Java 17.0.6 on WS-PAVLENKO with PID 13540 (C:\myProjects\Soap\target\classes started by pavlenko in C:\myProjects\Soap)
2023-02-17 17:04:47.454  INFO 13540 --- [main] ru.pavlenko.project.SoapApplication      : No active profile set, falling back to 1 default profile: "default"
2023-02-17 17:04:47.816  INFO 13540 --- [main] trationDelegate$BeanPostProcessorChecker : Bean 'soapConfig' of type [ru.pavlenko.project.SoapConfig$$EnhancerBySpringCGLIB$$1f6a9d1f] is not eligible for getting processed by all BeanPostProcessors (for example: not eligible for auto-proxying)
2023-02-17 17:04:47.817  INFO 13540 --- [main] trationDelegate$BeanPostProcessorChecker : Bean 'org.springframework.ws.config.annotation.DelegatingWsConfiguration' of type [org.springframework.ws.config.annotation.DelegatingWsConfiguration$$EnhancerBySpringCGLIB$$e3494a88] is not eligible for getting processed by all BeanPostProcessors (for example: not eligible for auto-proxying)
2023-02-17 17:04:47.848  INFO 13540 --- [main] .w.s.a.s.AnnotationActionEndpointMapping : Supporting [WS-Addressing August 2004, WS-Addressing 1.0]
2023-02-17 17:04:47.989  INFO 13540 --- [main] o.s.b.w.embedded.tomcat.TomcatWebServer  : Tomcat initialized with port(s): 8080 (http)
2023-02-17 17:04:47.995  INFO 13540 --- [main] o.apache.catalina.core.StandardService   : Starting service [Tomcat]
2023-02-17 17:04:47.995  INFO 13540 --- [main] org.apache.catalina.core.StandardEngine  : Starting Servlet engine: [Apache Tomcat/9.0.58]
2023-02-17 17:04:48.044  INFO 13540 --- [main] o.a.c.c.C.[Tomcat].[localhost].[/]       : Initializing Spring embedded WebApplicationContext
2023-02-17 17:04:48.045  INFO 13540 --- [main] w.s.c.ServletWebServerApplicationContext : Root WebApplicationContext: initialization completed in 562 ms
2023-02-17 17:04:48.202 DEBUG 13540 --- [main] s.w.s.m.m.a.RequestMappingHandlerAdapter : ControllerAdvice beans: 0 @ModelAttribute, 0 @InitBinder, 1 RequestBodyAdvice, 1 ResponseBodyAdvice
2023-02-17 17:04:48.238 DEBUG 13540 --- [main] s.w.s.m.m.a.RequestMappingHandlerMapping : 2 mappings in 'requestMappingHandlerMapping'
2023-02-17 17:04:48.252 DEBUG 13540 --- [main] o.s.w.s.handler.SimpleUrlHandlerMapping  : Patterns [/webjars/**, /**] in 'resourceHandlerMapping'
2023-02-17 17:04:48.257 DEBUG 13540 --- [main] .m.m.a.ExceptionHandlerExceptionResolver : ControllerAdvice beans: 0 @ExceptionHandler, 1 ResponseBodyAdvice
2023-02-17 17:04:48.341  INFO 13540 --- [main] o.s.b.w.embedded.tomcat.TomcatWebServer  : Tomcat started on port(s): 8080 (http) with context path ''
2023-02-17 17:04:48.348  INFO 13540 --- [main] ru.pavlenko.project.SoapApplication      : Started SoapApplication in 1.127 seconds (JVM running for 1.449)
2023-02-17 17:04:59.033  INFO 13540 --- [http-nio-8080-exec-1] o.a.c.c.C.[Tomcat].[localhost].[/]       : Initializing Spring MessageDispatcherServlet 'messageDispatcherServlet'
2023-02-17 17:04:59.033  INFO 13540 --- [http-nio-8080-exec-1] o.s.w.t.http.MessageDispatcherServlet    : Initializing Servlet 'messageDispatcherServlet'
2023-02-17 17:04:59.036  INFO 13540 --- [http-nio-8080-exec-1] o.s.ws.soap.saaj.SaajSoapMessageFactory  : Creating SAAJ 1.3 MessageFactory with SOAP 1.1 Protocol
2023-02-17 17:04:59.046  INFO 13540 --- [http-nio-8080-exec-1] o.s.w.t.http.MessageDispatcherServlet    : Completed initialization in 13 ms
2023-02-17 17:16:09.223  INFO 4664 --- [main] r.pavlenko.project.SoapApplicationTests  : Starting SoapApplicationTests using Java 17.0.6 on WS-PAVLENKO with PID 4664 (started by pavlenko in C:\myProjects\Soap)
2023-02-17 17:16:09.224  INFO 4664 --- [main] r.pavlenko.project.SoapApplicationTests  : No active profile set, falling back to 1 default profile: "default"
2023-02-17 17:16:09.244 DEBUG 4664 --- [main] o.s.w.c.s.GenericWebApplicationContext   : Refreshing org.springframework.web.context.support.GenericWebApplicationContext@191ae03f
2023-02-17 17:16:09.691  INFO 4664 --- [main] trationDelegate$BeanPostProcessorChecker : Bean 'soapConfig' of type [ru.pavlenko.project.SoapConfig$$EnhancerBySpringCGLIB$$d5ae6df1] is not eligible for getting processed by all BeanPostProcessors (for example: not eligible for auto-proxying)
2023-02-17 17:16:09.692  INFO 4664 --- [main] trationDelegate$BeanPostProcessorChecker : Bean 'org.springframework.ws.config.annotation.DelegatingWsConfiguration' of type [org.springframework.ws.config.annotation.DelegatingWsConfiguration$$EnhancerBySpringCGLIB$$998d1b5a] is not eligible for getting processed by all BeanPostProcessors (for example: not eligible for auto-proxying)
2023-02-17 17:16:09.729  INFO 4664 --- [main] .w.s.a.s.AnnotationActionEndpointMapping : Supporting [WS-Addressing August 2004, WS-Addressing 1.0]
2023-02-17 17:16:10.138 DEBUG 4664 --- [main] s.w.s.m.m.a.RequestMappingHandlerAdapter : ControllerAdvice beans: 0 @ModelAttribute, 0 @InitBinder, 1 RequestBodyAdvice, 1 ResponseBodyAdvice
2023-02-17 17:16:10.197 DEBUG 4664 --- [main] s.w.s.m.m.a.RequestMappingHandlerMapping : 2 mappings in 'requestMappingHandlerMapping'
2023-02-17 17:16:10.239 DEBUG 4664 --- [main] o.s.w.s.handler.SimpleUrlHandlerMapping  : Patterns [/webjars/**, /**] in 'resourceHandlerMapping'
2023-02-17 17:16:10.250 DEBUG 4664 --- [main] .m.m.a.ExceptionHandlerExceptionResolver : ControllerAdvice beans: 0 @ExceptionHandler, 1 ResponseBodyAdvice
2023-02-17 17:16:10.365  INFO 4664 --- [main] r.pavlenko.project.SoapApplicationTests  : Started SoapApplicationTests in 1.364 seconds (JVM running for 2.008)
2023-02-17 17:16:10.676 DEBUG 4664 --- [SpringApplicationShutdownHook] o.s.w.c.s.GenericWebApplicationContext   : Closing org.springframework.web.context.support.GenericWebApplicationContext@191ae03f, started on Fri Feb 17 17:16:09 MSK 2023
2023-02-17 17:16:27.389  INFO 13136 --- [main] ru.pavlenko.project.SoapApplication      : Starting SoapApplication using Java 17.0.6 on WS-PAVLENKO with PID 13136 (C:\myProjects\Soap\target\classes started by pavlenko in C:\myProjects\Soap)
2023-02-17 17:16:27.391  INFO 13136 --- [main] ru.pavlenko.project.SoapApplication      : No active profile set, falling back to 1 default profile: "default"
2023-02-17 17:16:27.753  INFO 13136 --- [main] trationDelegate$BeanPostProcessorChecker : Bean 'soapConfig' of type [ru.pavlenko.project.SoapConfig$$EnhancerBySpringCGLIB$$fc639c73] is not eligible for getting processed by all BeanPostProcessors (for example: not eligible for auto-proxying)
2023-02-17 17:16:27.753  INFO 13136 --- [main] trationDelegate$BeanPostProcessorChecker : Bean 'org.springframework.ws.config.annotation.DelegatingWsConfiguration' of type [org.springframework.ws.config.annotation.DelegatingWsConfiguration$$EnhancerBySpringCGLIB$$c04249dc] is not eligible for getting processed by all BeanPostProcessors (for example: not eligible for auto-proxying)
2023-02-17 17:16:27.784  INFO 13136 --- [main] .w.s.a.s.AnnotationActionEndpointMapping : Supporting [WS-Addressing August 2004, WS-Addressing 1.0]
2023-02-17 17:16:27.932  INFO 13136 --- [main] o.s.b.w.embedded.tomcat.TomcatWebServer  : Tomcat initialized with port(s): 8080 (http)
2023-02-17 17:16:27.938  INFO 13136 --- [main] o.apache.catalina.core.StandardService   : Starting service [Tomcat]
2023-02-17 17:16:27.938  INFO 13136 --- [main] org.apache.catalina.core.StandardEngine  : Starting Servlet engine: [Apache Tomcat/9.0.58]
2023-02-17 17:16:27.987  INFO 13136 --- [main] o.a.c.c.C.[Tomcat].[localhost].[/]       : Initializing Spring embedded WebApplicationContext
2023-02-17 17:16:27.988  INFO 13136 --- [main] w.s.c.ServletWebServerApplicationContext : Root WebApplicationContext: initialization completed in 568 ms
2023-02-17 17:16:28.147 DEBUG 13136 --- [main] s.w.s.m.m.a.RequestMappingHandlerAdapter : ControllerAdvice beans: 0 @ModelAttribute, 0 @InitBinder, 1 RequestBodyAdvice, 1 ResponseBodyAdvice
2023-02-17 17:16:28.183 DEBUG 13136 --- [main] s.w.s.m.m.a.RequestMappingHandlerMapping : 2 mappings in 'requestMappingHandlerMapping'
2023-02-17 17:16:28.197 DEBUG 13136 --- [main] o.s.w.s.handler.SimpleUrlHandlerMapping  : Patterns [/webjars/**, /**] in 'resourceHandlerMapping'
2023-02-17 17:16:28.203 DEBUG 13136 --- [main] .m.m.a.ExceptionHandlerExceptionResolver : ControllerAdvice beans: 0 @ExceptionHandler, 1 ResponseBodyAdvice
2023-02-17 17:16:28.285  INFO 13136 --- [main] o.s.b.w.embedded.tomcat.TomcatWebServer  : Tomcat started on port(s): 8080 (http) with context path ''
2023-02-17 17:16:28.291  INFO 13136 --- [main] ru.pavlenko.project.SoapApplication      : Started SoapApplication in 1.14 seconds (JVM running for 1.463)
2023-02-17 17:16:32.826  INFO 13136 --- [http-nio-8080-exec-1] o.a.c.c.C.[Tomcat].[localhost].[/]       : Initializing Spring MessageDispatcherServlet 'messageDispatcherServlet'
2023-02-17 17:16:32.826  INFO 13136 --- [http-nio-8080-exec-1] o.s.w.t.http.MessageDispatcherServlet    : Initializing Servlet 'messageDispatcherServlet'
2023-02-17 17:16:32.829  INFO 13136 --- [http-nio-8080-exec-1] o.s.ws.soap.saaj.SaajSoapMessageFactory  : Creating SAAJ 1.3 MessageFactory with SOAP 1.1 Protocol
2023-02-17 17:16:32.839  INFO 13136 --- [http-nio-8080-exec-1] o.s.w.t.http.MessageDispatcherServlet    : Completed initialization in 12 ms
2023-02-17 17:19:05.229  WARN 13136 --- [http-nio-8080-exec-8] o.s.ws.server.EndpointNotFound           : No endpoint mapping found for [SaajSoapMessage {http://pavlenko.ru/project/soap}getPersonRequest1]
2023-02-17 17:34:02.083  INFO 12448 --- [main] r.pavlenko.project.SoapApplicationTests  : Starting SoapApplicationTests using Java 1.8.0_362 on WS-PAVLENKO with PID 12448 (started by pavlenko in C:\myProjects\Soap)
2023-02-17 17:34:02.084  INFO 12448 --- [main] r.pavlenko.project.SoapApplicationTests  : No active profile set, falling back to 1 default profile: "default"
2023-02-17 17:34:02.109 DEBUG 12448 --- [main] o.s.w.c.s.GenericWebApplicationContext   : Refreshing org.springframework.web.context.support.GenericWebApplicationContext@3181aa
2023-02-17 17:34:02.532  INFO 12448 --- [main] trationDelegate$BeanPostProcessorChecker : Bean 'soapConfig' of type [ru.pavlenko.project.SoapConfig$$EnhancerBySpringCGLIB$$ba6756f6] is not eligible for getting processed by all BeanPostProcessors (for example: not eligible for auto-proxying)
2023-02-17 17:34:02.532  INFO 12448 --- [main] trationDelegate$BeanPostProcessorChecker : Bean 'org.springframework.ws.config.annotation.DelegatingWsConfiguration' of type [org.springframework.ws.config.annotation.DelegatingWsConfiguration$$EnhancerBySpringCGLIB$$7e46045f] is not eligible for getting processed by all BeanPostProcessors (for example: not eligible for auto-proxying)
2023-02-17 17:34:02.579  INFO 12448 --- [main] .w.s.a.s.AnnotationActionEndpointMapping : Supporting [WS-Addressing August 2004, WS-Addressing 1.0]
2023-02-17 17:34:02.989 DEBUG 12448 --- [main] s.w.s.m.m.a.RequestMappingHandlerAdapter : ControllerAdvice beans: 0 @ModelAttribute, 0 @InitBinder, 1 RequestBodyAdvice, 1 ResponseBodyAdvice
2023-02-17 17:34:03.050 DEBUG 12448 --- [main] s.w.s.m.m.a.RequestMappingHandlerMapping : 2 mappings in 'requestMappingHandlerMapping'
2023-02-17 17:34:03.097 DEBUG 12448 --- [main] o.s.w.s.handler.SimpleUrlHandlerMapping  : Patterns [/webjars/**, /**] in 'resourceHandlerMapping'
2023-02-17 17:34:03.106 DEBUG 12448 --- [main] .m.m.a.ExceptionHandlerExceptionResolver : ControllerAdvice beans: 0 @ExceptionHandler, 1 ResponseBodyAdvice
2023-02-17 17:34:03.247  INFO 12448 --- [main] r.pavlenko.project.SoapApplicationTests  : Started SoapApplicationTests in 1.379 seconds (JVM running for 2.033)
2023-02-17 17:34:03.411 DEBUG 12448 --- [SpringApplicationShutdownHook] o.s.w.c.s.GenericWebApplicationContext   : Closing org.springframework.web.context.support.GenericWebApplicationContext@3181aa, started on Fri Feb 17 17:34:02 MSK 2023
2023-02-17 17:34:13.026  INFO 8408 --- [main] ru.pavlenko.project.SoapApplication      : Starting SoapApplication using Java 1.8.0_362 on WS-PAVLENKO with PID 8408 (C:\myProjects\Soap\target\classes started by pavlenko in C:\myProjects\Soap)
2023-02-17 17:34:13.028  INFO 8408 --- [main] ru.pavlenko.project.SoapApplication      : No active profile set, falling back to 1 default profile: "default"
2023-02-17 17:34:13.420  INFO 8408 --- [main] trationDelegate$BeanPostProcessorChecker : Bean 'soapConfig' of type [ru.pavlenko.project.SoapConfig$$EnhancerBySpringCGLIB$$61da8f77] is not eligible for getting processed by all BeanPostProcessors (for example: not eligible for auto-proxying)
2023-02-17 17:34:13.421  INFO 8408 --- [main] trationDelegate$BeanPostProcessorChecker : Bean 'org.springframework.ws.config.annotation.DelegatingWsConfiguration' of type [org.springframework.ws.config.annotation.DelegatingWsConfiguration$$EnhancerBySpringCGLIB$$25b93ce0] is not eligible for getting processed by all BeanPostProcessors (for example: not eligible for auto-proxying)
2023-02-17 17:34:13.451  INFO 8408 --- [main] .w.s.a.s.AnnotationActionEndpointMapping : Supporting [WS-Addressing August 2004, WS-Addressing 1.0]
2023-02-17 17:34:13.590  INFO 8408 --- [main] o.s.b.w.embedded.tomcat.TomcatWebServer  : Tomcat initialized with port(s): 8080 (http)
2023-02-17 17:34:13.595  INFO 8408 --- [main] o.apache.catalina.core.StandardService   : Starting service [Tomcat]
2023-02-17 17:34:13.595  INFO 8408 --- [main] org.apache.catalina.core.StandardEngine  : Starting Servlet engine: [Apache Tomcat/9.0.58]
2023-02-17 17:34:13.667  INFO 8408 --- [main] o.a.c.c.C.[Tomcat].[localhost].[/]       : Initializing Spring embedded WebApplicationContext
2023-02-17 17:34:13.667  INFO 8408 --- [main] w.s.c.ServletWebServerApplicationContext : Root WebApplicationContext: initialization completed in 608 ms
2023-02-17 17:34:13.828 DEBUG 8408 --- [main] s.w.s.m.m.a.RequestMappingHandlerAdapter : ControllerAdvice beans: 0 @ModelAttribute, 0 @InitBinder, 1 RequestBodyAdvice, 1 ResponseBodyAdvice
2023-02-17 17:34:13.862 DEBUG 8408 --- [main] s.w.s.m.m.a.RequestMappingHandlerMapping : 2 mappings in 'requestMappingHandlerMapping'
2023-02-17 17:34:13.877 DEBUG 8408 --- [main] o.s.w.s.handler.SimpleUrlHandlerMapping  : Patterns [/webjars/**, /**] in 'resourceHandlerMapping'
2023-02-17 17:34:13.882 DEBUG 8408 --- [main] .m.m.a.ExceptionHandlerExceptionResolver : ControllerAdvice beans: 0 @ExceptionHandler, 1 ResponseBodyAdvice
2023-02-17 17:34:13.950  INFO 8408 --- [main] o.s.b.w.embedded.tomcat.TomcatWebServer  : Tomcat started on port(s): 8080 (http) with context path ''
2023-02-17 17:34:13.956  INFO 8408 --- [main] ru.pavlenko.project.SoapApplication      : Started SoapApplication in 1.201 seconds (JVM running for 1.627)
2023-02-17 17:34:44.772  INFO 8408 --- [http-nio-8080-exec-1] o.a.c.c.C.[Tomcat].[localhost].[/]       : Initializing Spring MessageDispatcherServlet 'messageDispatcherServlet'
2023-02-17 17:34:44.772  INFO 8408 --- [http-nio-8080-exec-1] o.s.w.t.http.MessageDispatcherServlet    : Initializing Servlet 'messageDispatcherServlet'
2023-02-17 17:34:44.774  INFO 8408 --- [http-nio-8080-exec-1] o.s.ws.soap.saaj.SaajSoapMessageFactory  : Creating SAAJ 1.3 MessageFactory with SOAP 1.1 Protocol
2023-02-17 17:34:44.781  INFO 8408 --- [http-nio-8080-exec-1] o.s.w.t.http.MessageDispatcherServlet    : Completed initialization in 9 ms
2023-02-17 17:37:48.578  INFO 8428 --- [main] ru.pavlenko.project.SoapApplication      : Starting SoapApplication using Java 1.8.0_362 on WS-PAVLENKO with PID 8428 (C:\myProjects\Soap\target\classes started by pavlenko in C:\myProjects\Soap)
2023-02-17 17:37:48.580  INFO 8428 --- [main] ru.pavlenko.project.SoapApplication      : No active profile set, falling back to 1 default profile: "default"
2023-02-17 17:37:48.971  INFO 8428 --- [main] trationDelegate$BeanPostProcessorChecker : Bean 'soapConfig' of type [ru.pavlenko.project.SoapConfig$$EnhancerBySpringCGLIB$$d21d21aa] is not eligible for getting processed by all BeanPostProcessors (for example: not eligible for auto-proxying)
2023-02-17 17:37:48.972  INFO 8428 --- [main] trationDelegate$BeanPostProcessorChecker : Bean 'org.springframework.ws.config.annotation.DelegatingWsConfiguration' of type [org.springframework.ws.config.annotation.DelegatingWsConfiguration$$EnhancerBySpringCGLIB$$95fbcf13] is not eligible for getting processed by all BeanPostProcessors (for example: not eligible for auto-proxying)
2023-02-17 17:37:49.002  INFO 8428 --- [main] .w.s.a.s.AnnotationActionEndpointMapping : Supporting [WS-Addressing August 2004, WS-Addressing 1.0]
2023-02-17 17:37:49.147  INFO 8428 --- [main] o.s.b.w.embedded.tomcat.TomcatWebServer  : Tomcat initialized with port(s): 8080 (http)
2023-02-17 17:37:49.152  INFO 8428 --- [main] o.apache.catalina.core.StandardService   : Starting service [Tomcat]
2023-02-17 17:37:49.152  INFO 8428 --- [main] org.apache.catalina.core.StandardEngine  : Starting Servlet engine: [Apache Tomcat/9.0.58]
2023-02-17 17:37:49.223  INFO 8428 --- [main] o.a.c.c.C.[Tomcat].[localhost].[/]       : Initializing Spring embedded WebApplicationContext
2023-02-17 17:37:49.223  INFO 8428 --- [main] w.s.c.ServletWebServerApplicationContext : Root WebApplicationContext: initialization completed in 613 ms
2023-02-17 17:37:49.386 DEBUG 8428 --- [main] s.w.s.m.m.a.RequestMappingHandlerAdapter : ControllerAdvice beans: 0 @ModelAttribute, 0 @InitBinder, 1 RequestBodyAdvice, 1 ResponseBodyAdvice
2023-02-17 17:37:49.419 DEBUG 8428 --- [main] s.w.s.m.m.a.RequestMappingHandlerMapping : 2 mappings in 'requestMappingHandlerMapping'
2023-02-17 17:37:49.434 DEBUG 8428 --- [main] o.s.w.s.handler.SimpleUrlHandlerMapping  : Patterns [/webjars/**, /**] in 'resourceHandlerMapping'
2023-02-17 17:37:49.439 DEBUG 8428 --- [main] .m.m.a.ExceptionHandlerExceptionResolver : ControllerAdvice beans: 0 @ExceptionHandler, 1 ResponseBodyAdvice
2023-02-17 17:37:49.506  INFO 8428 --- [main] o.s.b.w.embedded.tomcat.TomcatWebServer  : Tomcat started on port(s): 8080 (http) with context path ''
2023-02-17 17:37:49.511  INFO 8428 --- [main] ru.pavlenko.project.SoapApplication      : Started SoapApplication in 1.207 seconds (JVM running for 1.615)
2023-02-17 17:37:51.227  INFO 8428 --- [http-nio-8080-exec-1] o.a.c.c.C.[Tomcat].[localhost].[/]       : Initializing Spring MessageDispatcherServlet 'messageDispatcherServlet'
2023-02-17 17:37:51.227  INFO 8428 --- [http-nio-8080-exec-1] o.s.w.t.http.MessageDispatcherServlet    : Initializing Servlet 'messageDispatcherServlet'
2023-02-17 17:37:51.228  INFO 8428 --- [http-nio-8080-exec-1] o.s.ws.soap.saaj.SaajSoapMessageFactory  : Creating SAAJ 1.3 MessageFactory with SOAP 1.1 Protocol
2023-02-17 17:37:51.233  INFO 8428 --- [http-nio-8080-exec-1] o.s.w.t.http.MessageDispatcherServlet    : Completed initialization in 6 ms
2023-02-17 17:38:52.654  INFO 14528 --- [main] r.pavlenko.project.SoapApplicationTests  : Starting SoapApplicationTests using Java 1.8.0_362 on WS-PAVLENKO with PID 14528 (started by pavlenko in C:\myProjects\Soap)
2023-02-17 17:38:52.654  INFO 14528 --- [main] r.pavlenko.project.SoapApplicationTests  : No active profile set, falling back to 1 default profile: "default"
2023-02-17 17:38:52.678 DEBUG 14528 --- [main] o.s.w.c.s.GenericWebApplicationContext   : Refreshing org.springframework.web.context.support.GenericWebApplicationContext@11bfe23
2023-02-17 17:38:53.111  INFO 14528 --- [main] trationDelegate$BeanPostProcessorChecker : Bean 'soapConfig' of type [ru.pavlenko.project.SoapConfig$$EnhancerBySpringCGLIB$$f69c48fc] is not eligible for getting processed by all BeanPostProcessors (for example: not eligible for auto-proxying)
2023-02-17 17:38:53.112  INFO 14528 --- [main] trationDelegate$BeanPostProcessorChecker : Bean 'org.springframework.ws.config.annotation.DelegatingWsConfiguration' of type [org.springframework.ws.config.annotation.DelegatingWsConfiguration$$EnhancerBySpringCGLIB$$ba7af665] is not eligible for getting processed by all BeanPostProcessors (for example: not eligible for auto-proxying)
2023-02-17 17:38:53.152  INFO 14528 --- [main] .w.s.a.s.AnnotationActionEndpointMapping : Supporting [WS-Addressing August 2004, WS-Addressing 1.0]
2023-02-17 17:38:53.558 DEBUG 14528 --- [main] s.w.s.m.m.a.RequestMappingHandlerAdapter : ControllerAdvice beans: 0 @ModelAttribute, 0 @InitBinder, 1 RequestBodyAdvice, 1 ResponseBodyAdvice
2023-02-17 17:38:53.619 DEBUG 14528 --- [main] s.w.s.m.m.a.RequestMappingHandlerMapping : 2 mappings in 'requestMappingHandlerMapping'
2023-02-17 17:38:53.663 DEBUG 14528 --- [main] o.s.w.s.handler.SimpleUrlHandlerMapping  : Patterns [/webjars/**, /**] in 'resourceHandlerMapping'
2023-02-17 17:38:53.673 DEBUG 14528 --- [main] .m.m.a.ExceptionHandlerExceptionResolver : ControllerAdvice beans: 0 @ExceptionHandler, 1 ResponseBodyAdvice
2023-02-17 17:38:53.808  INFO 14528 --- [main] r.pavlenko.project.SoapApplicationTests  : Started SoapApplicationTests in 1.368 seconds (JVM running for 2.014)
2023-02-17 17:38:53.974 DEBUG 14528 --- [SpringApplicationShutdownHook] o.s.w.c.s.GenericWebApplicationContext   : Closing org.springframework.web.context.support.GenericWebApplicationContext@11bfe23, started on Fri Feb 17 17:38:52 MSK 2023
2023-02-17 17:39:01.812  INFO 5496 --- [main] ru.pavlenko.project.SoapApplication      : Starting SoapApplication using Java 1.8.0_362 on WS-PAVLENKO with PID 5496 (C:\myProjects\Soap\target\classes started by pavlenko in C:\myProjects\Soap)
2023-02-17 17:39:01.814  INFO 5496 --- [main] ru.pavlenko.project.SoapApplication      : No active profile set, falling back to 1 default profile: "default"
2023-02-17 17:39:02.204  INFO 5496 --- [main] trationDelegate$BeanPostProcessorChecker : Bean 'soapConfig' of type [ru.pavlenko.project.SoapConfig$$EnhancerBySpringCGLIB$$c2c349ce] is not eligible for getting processed by all BeanPostProcessors (for example: not eligible for auto-proxying)
2023-02-17 17:39:02.204  INFO 5496 --- [main] trationDelegate$BeanPostProcessorChecker : Bean 'org.springframework.ws.config.annotation.DelegatingWsConfiguration' of type [org.springframework.ws.config.annotation.DelegatingWsConfiguration$$EnhancerBySpringCGLIB$$86a1f737] is not eligible for getting processed by all BeanPostProcessors (for example: not eligible for auto-proxying)
2023-02-17 17:39:02.234  INFO 5496 --- [main] .w.s.a.s.AnnotationActionEndpointMapping : Supporting [WS-Addressing August 2004, WS-Addressing 1.0]
2023-02-17 17:39:02.369  INFO 5496 --- [main] o.s.b.w.embedded.tomcat.TomcatWebServer  : Tomcat initialized with port(s): 8080 (http)
2023-02-17 17:39:02.373  INFO 5496 --- [main] o.apache.catalina.core.StandardService   : Starting service [Tomcat]
2023-02-17 17:39:02.373  INFO 5496 --- [main] org.apache.catalina.core.StandardEngine  : Starting Servlet engine: [Apache Tomcat/9.0.58]
2023-02-17 17:39:02.442  INFO 5496 --- [main] o.a.c.c.C.[Tomcat].[localhost].[/]       : Initializing Spring embedded WebApplicationContext
2023-02-17 17:39:02.442  INFO 5496 --- [main] w.s.c.ServletWebServerApplicationContext : Root WebApplicationContext: initialization completed in 599 ms
2023-02-17 17:39:02.613 DEBUG 5496 --- [main] s.w.s.m.m.a.RequestMappingHandlerAdapter : ControllerAdvice beans: 0 @ModelAttribute, 0 @InitBinder, 1 RequestBodyAdvice, 1 ResponseBodyAdvice
2023-02-17 17:39:02.649 DEBUG 5496 --- [main] s.w.s.m.m.a.RequestMappingHandlerMapping : 2 mappings in 'requestMappingHandlerMapping'
2023-02-17 17:39:02.665 DEBUG 5496 --- [main] o.s.w.s.handler.SimpleUrlHandlerMapping  : Patterns [/webjars/**, /**] in 'resourceHandlerMapping'
2023-02-17 17:39:02.670 DEBUG 5496 --- [main] .m.m.a.ExceptionHandlerExceptionResolver : ControllerAdvice beans: 0 @ExceptionHandler, 1 ResponseBodyAdvice
2023-02-17 17:39:02.737  INFO 5496 --- [main] o.s.b.w.embedded.tomcat.TomcatWebServer  : Tomcat started on port(s): 8080 (http) with context path ''
2023-02-17 17:39:02.742  INFO 5496 --- [main] ru.pavlenko.project.SoapApplication      : Started SoapApplication in 1.204 seconds (JVM running for 1.601)
2023-02-17 17:39:05.103  INFO 5496 --- [http-nio-8080-exec-1] o.a.c.c.C.[Tomcat].[localhost].[/]       : Initializing Spring MessageDispatcherServlet 'messageDispatcherServlet'
2023-02-17 17:39:05.103  INFO 5496 --- [http-nio-8080-exec-1] o.s.w.t.http.MessageDispatcherServlet    : Initializing Servlet 'messageDispatcherServlet'
2023-02-17 17:39:05.105  INFO 5496 --- [http-nio-8080-exec-1] o.s.ws.soap.saaj.SaajSoapMessageFactory  : Creating SAAJ 1.3 MessageFactory with SOAP 1.1 Protocol
2023-02-17 17:39:05.110  INFO 5496 --- [http-nio-8080-exec-1] o.s.w.t.http.MessageDispatcherServlet    : Completed initialization in 7 ms
2023-02-17 17:39:46.187  INFO 11368 --- [main] ru.pavlenko.project.SoapApplication      : Starting SoapApplication using Java 1.8.0_362 on WS-PAVLENKO with PID 11368 (C:\myProjects\Soap\target\classes started by pavlenko in C:\myProjects\Soap)
2023-02-17 17:39:46.189  INFO 11368 --- [main] ru.pavlenko.project.SoapApplication      : No active profile set, falling back to 1 default profile: "default"
2023-02-17 17:39:46.586  INFO 11368 --- [main] trationDelegate$BeanPostProcessorChecker : Bean 'soapConfig' of type [ru.pavlenko.project.SoapConfig$$EnhancerBySpringCGLIB$$c2c349ce] is not eligible for getting processed by all BeanPostProcessors (for example: not eligible for auto-proxying)
2023-02-17 17:39:46.586  INFO 11368 --- [main] trationDelegate$BeanPostProcessorChecker : Bean 'org.springframework.ws.config.annotation.DelegatingWsConfiguration' of type [org.springframework.ws.config.annotation.DelegatingWsConfiguration$$EnhancerBySpringCGLIB$$86a1f737] is not eligible for getting processed by all BeanPostProcessors (for example: not eligible for auto-proxying)
2023-02-17 17:39:46.618  INFO 11368 --- [main] .w.s.a.s.AnnotationActionEndpointMapping : Supporting [WS-Addressing August 2004, WS-Addressing 1.0]
2023-02-17 17:39:46.756  INFO 11368 --- [main] o.s.b.w.embedded.tomcat.TomcatWebServer  : Tomcat initialized with port(s): 8080 (http)
2023-02-17 17:39:46.760  INFO 11368 --- [main] o.apache.catalina.core.StandardService   : Starting service [Tomcat]
2023-02-17 17:39:46.761  INFO 11368 --- [main] org.apache.catalina.core.StandardEngine  : Starting Servlet engine: [Apache Tomcat/9.0.58]
2023-02-17 17:39:46.827  INFO 11368 --- [main] o.a.c.c.C.[Tomcat].[localhost].[/]       : Initializing Spring embedded WebApplicationContext
2023-02-17 17:39:46.828  INFO 11368 --- [main] w.s.c.ServletWebServerApplicationContext : Root WebApplicationContext: initialization completed in 610 ms
2023-02-17 17:39:46.991 DEBUG 11368 --- [main] s.w.s.m.m.a.RequestMappingHandlerAdapter : ControllerAdvice beans: 0 @ModelAttribute, 0 @InitBinder, 1 RequestBodyAdvice, 1 ResponseBodyAdvice
2023-02-17 17:39:47.026 DEBUG 11368 --- [main] s.w.s.m.m.a.RequestMappingHandlerMapping : 2 mappings in 'requestMappingHandlerMapping'
2023-02-17 17:39:47.041 DEBUG 11368 --- [main] o.s.w.s.handler.SimpleUrlHandlerMapping  : Patterns [/webjars/**, /**] in 'resourceHandlerMapping'
2023-02-17 17:39:47.046 DEBUG 11368 --- [main] .m.m.a.ExceptionHandlerExceptionResolver : ControllerAdvice beans: 0 @ExceptionHandler, 1 ResponseBodyAdvice
2023-02-17 17:39:47.115  INFO 11368 --- [main] o.s.b.w.embedded.tomcat.TomcatWebServer  : Tomcat started on port(s): 8080 (http) with context path ''
2023-02-17 17:39:47.120  INFO 11368 --- [main] ru.pavlenko.project.SoapApplication      : Started SoapApplication in 1.214 seconds (JVM running for 1.631)
2023-02-17 17:39:54.830  INFO 11368 --- [http-nio-8080-exec-1] o.a.c.c.C.[Tomcat].[localhost].[/]       : Initializing Spring MessageDispatcherServlet 'messageDispatcherServlet'
2023-02-17 17:39:54.830  INFO 11368 --- [http-nio-8080-exec-1] o.s.w.t.http.MessageDispatcherServlet    : Initializing Servlet 'messageDispatcherServlet'
2023-02-17 17:39:54.832  INFO 11368 --- [http-nio-8080-exec-1] o.s.ws.soap.saaj.SaajSoapMessageFactory  : Creating SAAJ 1.3 MessageFactory with SOAP 1.1 Protocol
2023-02-17 17:39:54.838  INFO 11368 --- [http-nio-8080-exec-1] o.s.w.t.http.MessageDispatcherServlet    : Completed initialization in 8 ms
2023-02-17 17:41:43.462  WARN 11368 --- [http-nio-8080-exec-7] o.s.ws.server.EndpointNotFound           : No endpoint mapping found for [SaajSoapMessage getPersonRequest]
2023-02-17 17:46:19.790  INFO 13996 --- [main] ru.pavlenko.project.SoapApplication      : Starting SoapApplication using Java 1.8.0_362 on WS-PAVLENKO with PID 13996 (C:\myProjects\Soap\target\classes started by pavlenko in C:\myProjects\Soap)
2023-02-17 17:46:19.792  INFO 13996 --- [main] ru.pavlenko.project.SoapApplication      : No active profile set, falling back to 1 default profile: "default"
2023-02-17 17:46:20.205  INFO 13996 --- [main] trationDelegate$BeanPostProcessorChecker : Bean 'soapConfig' of type [ru.pavlenko.project.SoapConfig$$EnhancerBySpringCGLIB$$bcc787d6] is not eligible for getting processed by all BeanPostProcessors (for example: not eligible for auto-proxying)
2023-02-17 17:46:20.206  INFO 13996 --- [main] trationDelegate$BeanPostProcessorChecker : Bean 'org.springframework.ws.config.annotation.DelegatingWsConfiguration' of type [org.springframework.ws.config.annotation.DelegatingWsConfiguration$$EnhancerBySpringCGLIB$$80a6353f] is not eligible for getting processed by all BeanPostProcessors (for example: not eligible for auto-proxying)
2023-02-17 17:46:20.237  INFO 13996 --- [main] .w.s.a.s.AnnotationActionEndpointMapping : Supporting [WS-Addressing August 2004, WS-Addressing 1.0]
2023-02-17 17:46:20.374  INFO 13996 --- [main] o.s.b.w.embedded.tomcat.TomcatWebServer  : Tomcat initialized with port(s): 8080 (http)
2023-02-17 17:46:20.379  INFO 13996 --- [main] o.apache.catalina.core.StandardService   : Starting service [Tomcat]
2023-02-17 17:46:20.379  INFO 13996 --- [main] org.apache.catalina.core.StandardEngine  : Starting Servlet engine: [Apache Tomcat/9.0.58]
2023-02-17 17:46:20.446  INFO 13996 --- [main] o.a.c.c.C.[Tomcat].[localhost].[/]       : Initializing Spring embedded WebApplicationContext
2023-02-17 17:46:20.446  INFO 13996 --- [main] w.s.c.ServletWebServerApplicationContext : Root WebApplicationContext: initialization completed in 623 ms
2023-02-17 17:46:20.615 DEBUG 13996 --- [main] s.w.s.m.m.a.RequestMappingHandlerAdapter : ControllerAdvice beans: 0 @ModelAttribute, 0 @InitBinder, 1 RequestBodyAdvice, 1 ResponseBodyAdvice
2023-02-17 17:46:20.650 DEBUG 13996 --- [main] s.w.s.m.m.a.RequestMappingHandlerMapping : 2 mappings in 'requestMappingHandlerMapping'
2023-02-17 17:46:20.665 DEBUG 13996 --- [main] o.s.w.s.handler.SimpleUrlHandlerMapping  : Patterns [/webjars/**, /**] in 'resourceHandlerMapping'
2023-02-17 17:46:20.671 DEBUG 13996 --- [main] .m.m.a.ExceptionHandlerExceptionResolver : ControllerAdvice beans: 0 @ExceptionHandler, 1 ResponseBodyAdvice
2023-02-17 17:46:20.741  INFO 13996 --- [main] o.s.b.w.embedded.tomcat.TomcatWebServer  : Tomcat started on port(s): 8080 (http) with context path ''
2023-02-17 17:46:20.746  INFO 13996 --- [main] ru.pavlenko.project.SoapApplication      : Started SoapApplication in 1.242 seconds (JVM running for 1.738)
2023-02-17 17:46:27.900  INFO 13996 --- [http-nio-8080-exec-1] o.a.c.c.C.[Tomcat].[localhost].[/]       : Initializing Spring MessageDispatcherServlet 'messageDispatcherServlet'
2023-02-17 17:46:27.900  INFO 13996 --- [http-nio-8080-exec-1] o.s.w.t.http.MessageDispatcherServlet    : Initializing Servlet 'messageDispatcherServlet'
2023-02-17 17:46:27.902  INFO 13996 --- [http-nio-8080-exec-1] o.s.ws.soap.saaj.SaajSoapMessageFactory  : Creating SAAJ 1.3 MessageFactory with SOAP 1.1 Protocol
2023-02-17 17:46:27.907  INFO 13996 --- [http-nio-8080-exec-1] o.s.w.t.http.MessageDispatcherServlet    : Completed initialization in 7 ms
2023-02-17 17:47:57.693  INFO 4752 --- [main] ru.pavlenko.project.SoapApplication      : Starting SoapApplication using Java 1.8.0_362 on WS-PAVLENKO with PID 4752 (C:\myProjects\Soap\target\classes started by pavlenko in C:\myProjects\Soap)
2023-02-17 17:47:57.695  INFO 4752 --- [main] ru.pavlenko.project.SoapApplication      : No active profile set, falling back to 1 default profile: "default"
2023-02-17 17:47:58.100  INFO 4752 --- [main] trationDelegate$BeanPostProcessorChecker : Bean 'soapConfig' of type [ru.pavlenko.project.SoapConfig$$EnhancerBySpringCGLIB$$5550dfc8] is not eligible for getting processed by all BeanPostProcessors (for example: not eligible for auto-proxying)
2023-02-17 17:47:58.100  INFO 4752 --- [main] trationDelegate$BeanPostProcessorChecker : Bean 'org.springframework.ws.config.annotation.DelegatingWsConfiguration' of type [org.springframework.ws.config.annotation.DelegatingWsConfiguration$$EnhancerBySpringCGLIB$$192f8d31] is not eligible for getting processed by all BeanPostProcessors (for example: not eligible for auto-proxying)
2023-02-17 17:47:58.131  INFO 4752 --- [main] .w.s.a.s.AnnotationActionEndpointMapping : Supporting [WS-Addressing August 2004, WS-Addressing 1.0]
2023-02-17 17:47:58.270  INFO 4752 --- [main] o.s.b.w.embedded.tomcat.TomcatWebServer  : Tomcat initialized with port(s): 8080 (http)
2023-02-17 17:47:58.274  INFO 4752 --- [main] o.apache.catalina.core.StandardService   : Starting service [Tomcat]
2023-02-17 17:47:58.275  INFO 4752 --- [main] org.apache.catalina.core.StandardEngine  : Starting Servlet engine: [Apache Tomcat/9.0.58]
2023-02-17 17:47:58.344  INFO 4752 --- [main] o.a.c.c.C.[Tomcat].[localhost].[/]       : Initializing Spring embedded WebApplicationContext
2023-02-17 17:47:58.344  INFO 4752 --- [main] w.s.c.ServletWebServerApplicationContext : Root WebApplicationContext: initialization completed in 617 ms
2023-02-17 17:47:58.507 DEBUG 4752 --- [main] s.w.s.m.m.a.RequestMappingHandlerAdapter : ControllerAdvice beans: 0 @ModelAttribute, 0 @InitBinder, 1 RequestBodyAdvice, 1 ResponseBodyAdvice
2023-02-17 17:47:58.543 DEBUG 4752 --- [main] s.w.s.m.m.a.RequestMappingHandlerMapping : 2 mappings in 'requestMappingHandlerMapping'
2023-02-17 17:47:58.558 DEBUG 4752 --- [main] o.s.w.s.handler.SimpleUrlHandlerMapping  : Patterns [/webjars/**, /**] in 'resourceHandlerMapping'
2023-02-17 17:47:58.563 DEBUG 4752 --- [main] .m.m.a.ExceptionHandlerExceptionResolver : ControllerAdvice beans: 0 @ExceptionHandler, 1 ResponseBodyAdvice
2023-02-17 17:47:58.631  INFO 4752 --- [main] o.s.b.w.embedded.tomcat.TomcatWebServer  : Tomcat started on port(s): 8080 (http) with context path ''
2023-02-17 17:47:58.636  INFO 4752 --- [main] ru.pavlenko.project.SoapApplication      : Started SoapApplication in 1.221 seconds (JVM running for 1.618)
2023-02-17 17:48:00.883  INFO 4752 --- [http-nio-8080-exec-3] o.a.c.c.C.[Tomcat].[localhost].[/]       : Initializing Spring MessageDispatcherServlet 'messageDispatcherServlet'
2023-02-17 17:48:00.884  INFO 4752 --- [http-nio-8080-exec-3] o.s.w.t.http.MessageDispatcherServlet    : Initializing Servlet 'messageDispatcherServlet'
2023-02-17 17:48:00.885  INFO 4752 --- [http-nio-8080-exec-3] o.s.ws.soap.saaj.SaajSoapMessageFactory  : Creating SAAJ 1.3 MessageFactory with SOAP 1.1 Protocol
2023-02-17 17:48:00.891  INFO 4752 --- [http-nio-8080-exec-3] o.s.w.t.http.MessageDispatcherServlet    : Completed initialization in 7 ms
2023-02-17 17:48:43.167  INFO 11368 --- [main] ru.pavlenko.project.SoapApplication      : Starting SoapApplication using Java 1.8.0_362 on WS-PAVLENKO with PID 11368 (C:\myProjects\Soap\target\classes started by pavlenko in C:\myProjects\Soap)
2023-02-17 17:48:43.169  INFO 11368 --- [main] ru.pavlenko.project.SoapApplication      : No active profile set, falling back to 1 default profile: "default"
2023-02-17 17:48:43.563  INFO 11368 --- [main] trationDelegate$BeanPostProcessorChecker : Bean 'soapConfig' of type [ru.pavlenko.project.SoapConfig$$EnhancerBySpringCGLIB$$d21d21aa] is not eligible for getting processed by all BeanPostProcessors (for example: not eligible for auto-proxying)
2023-02-17 17:48:43.564  INFO 11368 --- [main] trationDelegate$BeanPostProcessorChecker : Bean 'org.springframework.ws.config.annotation.DelegatingWsConfiguration' of type [org.springframework.ws.config.annotation.DelegatingWsConfiguration$$EnhancerBySpringCGLIB$$95fbcf13] is not eligible for getting processed by all BeanPostProcessors (for example: not eligible for auto-proxying)
2023-02-17 17:48:43.594  INFO 11368 --- [main] .w.s.a.s.AnnotationActionEndpointMapping : Supporting [WS-Addressing August 2004, WS-Addressing 1.0]
2023-02-17 17:48:43.734  INFO 11368 --- [main] o.s.b.w.embedded.tomcat.TomcatWebServer  : Tomcat initialized with port(s): 8080 (http)
2023-02-17 17:48:43.739  INFO 11368 --- [main] o.apache.catalina.core.StandardService   : Starting service [Tomcat]
2023-02-17 17:48:43.739  INFO 11368 --- [main] org.apache.catalina.core.StandardEngine  : Starting Servlet engine: [Apache Tomcat/9.0.58]
2023-02-17 17:48:43.809  INFO 11368 --- [main] o.a.c.c.C.[Tomcat].[localhost].[/]       : Initializing Spring embedded WebApplicationContext
2023-02-17 17:48:43.810  INFO 11368 --- [main] w.s.c.ServletWebServerApplicationContext : Root WebApplicationContext: initialization completed in 612 ms
2023-02-17 17:48:43.978 DEBUG 11368 --- [main] s.w.s.m.m.a.RequestMappingHandlerAdapter : ControllerAdvice beans: 0 @ModelAttribute, 0 @InitBinder, 1 RequestBodyAdvice, 1 ResponseBodyAdvice
2023-02-17 17:48:44.016 DEBUG 11368 --- [main] s.w.s.m.m.a.RequestMappingHandlerMapping : 2 mappings in 'requestMappingHandlerMapping'
2023-02-17 17:48:44.032 DEBUG 11368 --- [main] o.s.w.s.handler.SimpleUrlHandlerMapping  : Patterns [/webjars/**, /**] in 'resourceHandlerMapping'
2023-02-17 17:48:44.037 DEBUG 11368 --- [main] .m.m.a.ExceptionHandlerExceptionResolver : ControllerAdvice beans: 0 @ExceptionHandler, 1 ResponseBodyAdvice
2023-02-17 17:48:44.103  INFO 11368 --- [main] o.s.b.w.embedded.tomcat.TomcatWebServer  : Tomcat started on port(s): 8080 (http) with context path ''
2023-02-17 17:48:44.108  INFO 11368 --- [main] ru.pavlenko.project.SoapApplication      : Started SoapApplication in 1.216 seconds (JVM running for 1.608)
2023-02-17 17:48:46.404  INFO 11368 --- [http-nio-8080-exec-1] o.a.c.c.C.[Tomcat].[localhost].[/]       : Initializing Spring MessageDispatcherServlet 'messageDispatcherServlet'
2023-02-17 17:48:46.405  INFO 11368 --- [http-nio-8080-exec-1] o.s.w.t.http.MessageDispatcherServlet    : Initializing Servlet 'messageDispatcherServlet'
2023-02-17 17:48:46.406  INFO 11368 --- [http-nio-8080-exec-1] o.s.ws.soap.saaj.SaajSoapMessageFactory  : Creating SAAJ 1.3 MessageFactory with SOAP 1.1 Protocol
2023-02-17 17:48:46.411  INFO 11368 --- [http-nio-8080-exec-1] o.s.w.t.http.MessageDispatcherServlet    : Completed initialization in 6 ms
2023-02-17 17:48:46.442  WARN 11368 --- [http-nio-8080-exec-1] o.s.ws.server.EndpointNotFound           : No endpoint mapping found for [SaajSoapMessage {http://pavlenko.ru/project/soap}getPersonRequest]
